<?xml version="1.0" encoding="UTF-8"?>
<!-- Generated by org.testng.reporters.JUnitXMLReporter -->
<testsuite ignored="0" hostname="LAPTOP-2Q5AHFQA" failures="0" tests="3" name="Test" time="6.462" errors="0" timestamp="2023-05-27T18:59:09 IST">
  <testcase classname="com.saucedemo.Testpack.TestcaseclassLogin" name="verifyloginfunctionality" time="4.179"/>
  <testcase classname="com.saucedemo.Testpack.AddtocartTestclass" name="verifyAddtocartTestclass" time="4.303"/>
  <testcase classname="com.saucedemo.Testpack.Logouttestcaseclass" name="verifyLogouttestcasefunctionality" time="6.431"/>
</testsuite> <!-- Test -->
