<?xml version="1.0" encoding="UTF-8"?>
<testng-results ignored="0" total="1" passed="1" failed="0" skipped="0">
  <reporter-output>
  </reporter-output>
  <suite started-at="2023-05-28T10:42:31 IST" name="Default suite" finished-at="2023-05-28T10:42:35 IST" duration-ms="3871">
    <groups>
    </groups>
    <test started-at="2023-05-28T10:42:31 IST" name="Default test" finished-at="2023-05-28T10:42:35 IST" duration-ms="3871">
      <class name="com.saucedemo.Testpack.Testnganootaions">
        <test-method is-config="true" signature="setup()[pri:0, instance:com.saucedemo.Testpack.Testnganootaions@3059cbc]" started-at="2023-05-28T10:42:31 IST" name="setup" finished-at="2023-05-28T10:42:35 IST" duration-ms="3609" status="PASS">
          <reporter-output>
          </reporter-output>
        </test-method> <!-- setup -->
        <test-method signature="verifyaddtocartfunctionality()[pri:0, instance:com.saucedemo.Testpack.Testnganootaions@3059cbc]" started-at="2023-05-28T10:42:35 IST" name="verifyaddtocartfunctionality" finished-at="2023-05-28T10:42:35 IST" duration-ms="83" status="PASS">
          <reporter-output>
          </reporter-output>
        </test-method> <!-- verifyaddtocartfunctionality -->
        <test-method is-config="true" signature="teardown()[pri:0, instance:com.saucedemo.Testpack.Testnganootaions@3059cbc]" started-at="2023-05-28T10:42:35 IST" name="teardown" finished-at="2023-05-28T10:42:35 IST" duration-ms="149" status="PASS">
          <reporter-output>
          </reporter-output>
        </test-method> <!-- teardown -->
      </class> <!-- com.saucedemo.Testpack.Testnganootaions -->
    </test> <!-- Default test -->
  </suite> <!-- Default suite -->
</testng-results>
